2023-03-19 10:18:35,570 - CRITICAL - functions.py - prescraping - None
2023-03-19 10:19:29,638 - CRITICAL - functions.py - prescraping - ../files/csv/cities_countries.csv
2023-03-19 10:20:42,622 - CRITICAL - functions.py - prescraping - Input file ../files/csv/cities_countries.csv not found!
2023-03-19 10:21:32,376 - CRITICAL - functions.py - prescraping - Input file '../files/csv/cities_countries.csv' not found!
2023-03-19 10:39:32,538 - CRITICAL - functions.py - input_file_exist - Input file '../files/csv/cities_countries.csv' not found!
2023-03-19 10:48:54,708 - CRITICAL - functions.py - input_file_exists - Input file '../files/csv/cities_countries.csv' not found!
2023-03-19 10:51:24,001 - CRITICAL - functions.py - input_file_exists - Input file '../files/csv/cities_countries.csv' not found!
2023-03-19 11:07:57,012 - CRITICAL - functions.py - input_file_exists - Input file '../files/csv/cities_countries.csv' is corrupted or has incorrect format!
2023-03-19 11:09:13,099 - CRITICAL - functions.py - input_file_exists - Corrupted input file: '../files/csv/cities_countries.csv'!
2023-03-19 11:12:05,644 - CRITICAL - functions.py - input_file_ok - Corrupted input file: '../files/csv/cities_countries.csv'!
2023-03-19 11:27:33,319 - CRITICAL - functions.py - input_file_ok - Corrupted input file: '../files/csv/cities_countries.csv'!
2023-03-19 11:28:54,361 - CRITICAL - functions.py - input_file_ok - There is a 'NAN' value in your data!
2023-03-19 11:29:31,789 - CRITICAL - functions.py - input_file_ok - There is a 'NAN' value in your data!
2023-03-19 11:30:08,411 - CRITICAL - functions.py - input_file_ok - Corrupted input file: '../files/csv/cities_countries.csv'!
2023-03-19 11:31:16,145 - CRITICAL - functions.py - input_file_ok - Input file: '../files/csv/cities_countries.csv' is corrupted or has invalid format!
2023-03-19 11:35:06,507 - CRITICAL - functions.py - input_file_ok - There is a 'NAN' value in your data!
2023-03-19 11:35:23,645 - CRITICAL - functions.py - input_file_ok - There is a 'NAN' value in your data!
2023-03-19 11:37:56,620 - CRITICAL - functions.py - input_file_ok - There is a 'NAN' value in your input file!
2023-03-19 11:38:13,025 - CRITICAL - functions.py - input_file_ok - There is a 'NAN' value in your input data!
2023-03-19 11:38:27,001 - CRITICAL - functions.py - input_file_ok - There is a 'NAN' value in your input data ../files/csv/cities_countries.csv!
2023-03-19 11:38:42,088 - CRITICAL - functions.py - input_file_ok - There is a 'NAN' value in: ../files/csv/cities_countries.csv!
2023-03-19 11:38:56,393 - CRITICAL - functions.py - input_file_ok - There is a 'NAN' value in: '../files/csv/cities_countries.csv' !
2023-03-19 11:40:43,392 - CRITICAL - functions.py - input_file_ok - There is a 'NAN' value in: '../files/csv/cities_countries.csv' !
2023-03-19 11:42:21,661 - CRITICAL - functions.py - input_file_ok - There is a 'NAN' value in: '../files/csv/cities_countries.csv' !
2023-03-19 11:44:00,033 - CRITICAL - functions.py - input_file_ok - There is a 'NAN' value in: '../files/csv/cities_countries.csv' !
2023-03-19 11:48:06,960 - CRITICAL - functions.py - input_file_ok - There is a 'NULL' value in: '../files/csv/cities_countries.csv' !
2023-03-19 11:48:41,817 - CRITICAL - functions.py - input_file_ok - There is a 'NULL' value in: '../files/csv/cities_countries.csv' !
2023-03-19 11:49:06,925 - CRITICAL - functions.py - input_file_ok - There is a 'NULL' value in: '../files/csv/cities_countries.csv' !
2023-03-19 11:49:34,591 - CRITICAL - functions.py - input_file_ok - There is a 'NULL' value in: '../files/csv/cities_countries.csv' !
2023-03-19 11:51:56,255 - CRITICAL - functions.py - input_file_ok - There is a 'NULL' value in: '../files/csv/cities_countries.csv' !
2023-03-19 11:53:14,959 - CRITICAL - functions.py - input_file_ok - There is a 'NULL' value in: '../files/csv/cities_countries.csv' !
2023-03-19 11:53:33,446 - CRITICAL - functions.py - input_file_ok - There is a 'NULL' value in: '../files/csv/cities_countries.csv' !
2023-03-19 11:53:46,172 - CRITICAL - functions.py - input_file_ok - There is a 'NULL' value in: '../files/csv/cities_countries.csv' !
2023-03-19 11:54:02,141 - CRITICAL - functions.py - input_file_ok - There is a 'NULL' value in: '../files/csv/cities_countries.csv' !
2023-03-19 11:54:13,941 - CRITICAL - functions.py - input_file_ok - There is a 'NULL' value in: '../files/csv/cities_countries.csv' !
2023-03-19 11:56:42,210 - CRITICAL - functions.py - input_file_ok - There is a 'NULL' value in: '../files/csv/cities_countries.csv' !
2023-03-19 11:57:09,874 - CRITICAL - functions.py - input_file_ok - There is a 'NULL' value in: '../files/csv/cities_countries.csv' !
2023-03-19 11:57:41,500 - CRITICAL - functions.py - input_file_ok - There is a 'NULL' value in: '../files/csv/cities_countries.csv' !
2023-03-19 11:58:08,605 - CRITICAL - functions.py - input_file_ok - There is a 'NULL' value in: '../files/csv/cities_countries.csv' !
2023-03-19 11:58:19,607 - CRITICAL - functions.py - input_file_ok - There is a 'NULL' value in: '../files/csv/cities_countries.csv' !
2023-03-19 12:05:33,142 - CRITICAL - functions.py - input_file_ok - Input file: '../files/csv/cities_countries.csv' is corrupted or has invalid format!
2023-03-19 12:06:21,684 - CRITICAL - functions.py - input_file_ok - Input file: '../files/csv/cities_countries.csv' is corrupted or has invalid format!
2023-03-19 12:06:38,201 - CRITICAL - functions.py - input_file_ok - Input file: '../files/csv/cities_countries.csv' is corrupted or has invalid format!
2023-03-19 12:07:22,368 - CRITICAL - functions.py - input_file_ok - Input file: '../files/csv/cities_countries.csv' is corrupted or has invalid format!
2023-03-19 12:07:46,102 - CRITICAL - functions.py - input_file_ok - Input file: '../files/csv/cities_countries.csv' is corrupted or has invalid format!
2023-03-19 12:08:54,247 - CRITICAL - functions.py - input_file_ok - Input file: '../files/csv/cities_countries.csv' is corrupted or has invalid format!
2023-03-19 12:09:25,242 - CRITICAL - functions.py - input_file_ok - Input file: '../files/csv/cities_countries.csv' is corrupted or has invalid format!
2023-03-19 12:09:48,833 - CRITICAL - functions.py - input_file_ok - There is a 'NULL' value in: '../files/csv/cities_countries.csv' !
2023-03-19 12:10:13,042 - CRITICAL - functions.py - input_file_ok - There is a missing value in: '../files/csv/cities_countries.csv' !
2023-03-19 12:10:34,559 - CRITICAL - functions.py - input_file_ok - Input file: '../files/csv/cities_countries.csv' is corrupted or has invalid format!
2023-03-19 12:11:14,197 - CRITICAL - functions.py - input_file_ok - Input file: '../files/csv/cities_countries.csv' is corrupted or has invalid format!
2023-03-19 12:11:32,778 - CRITICAL - functions.py - input_file_ok - Input file: '../files/csv/cities_countries.csv' is corrupted or has invalid format!
2023-03-19 12:13:48,007 - CRITICAL - functions.py - input_file_ok - There is a missing value in: '../files/csv/cities_countries.csv' !
2023-03-19 12:14:09,104 - CRITICAL - functions.py - input_file_ok - There is a missing value in: '../files/csv/cities_countries.csv' !
2023-03-19 12:16:05,410 - CRITICAL - functions.py - input_file_ok - the provided slice with column names has not the same size as the DataFrame's width
2023-03-19 12:16:31,809 - CRITICAL - functions.py - input_file_ok - Input file: '../files/csv/cities_countries.csv' is corrupted or has invalid format!
2023-03-19 12:22:15,718 - CRITICAL - functions.py - input_file_ok - There is a missing value in: '../files/csv/cities_countries.csv' !
2023-03-19 12:22:35,307 - CRITICAL - functions.py - input_file_ok - There is a missing value in: '../files/csv/cities_countries.csv' !
2023-03-19 12:29:12,583 - CRITICAL - functions.py - input_file_ok - There is a missing value in: '../files/csv/cities_countries.csv' !
2023-03-19 12:30:21,391 - CRITICAL - functions.py - input_file_ok - There is a missing value in: '../files/csv/cities_countries.csv' !
2023-03-19 12:31:40,156 - CRITICAL - functions.py - input_file_ok - There is a missing value in: '../files/csv/cities_countries.csv' !
2023-03-19 12:32:17,148 - CRITICAL - functions.py - input_file_ok - There is a missing value in: '../files/csv/cities_countries.csv' !
2023-03-19 12:32:30,357 - CRITICAL - functions.py - input_file_ok - There is a missing value in: '../files/csv/cities_countries.csv' !
2023-03-19 12:33:07,706 - CRITICAL - functions.py - input_file_ok - Input file: '../files/csv/cities_countries.csv' is corrupted or has invalid format!
2023-03-19 12:34:39,344 - CRITICAL - functions.py - input_file_ok - There is a missing value in: '../files/csv/cities_countries.csv' !
2023-03-19 12:42:33,842 - CRITICAL - functions.py - input_file_ok - There is a missing value in: '../files/csv/cities_countries.csv' !
2023-03-19 12:42:39,925 - CRITICAL - functions.py - input_file_ok - There is a missing value in: '../files/csv/cities_countries.csv' !
2023-03-19 12:43:40,161 - CRITICAL - functions.py - input_file_ok - Input file: '../files/csv/cities_countries.csv' is corrupted or has invalid format!
2023-03-19 12:43:55,947 - CRITICAL - functions.py - input_file_ok - There is a missing value in: '../files/csv/cities_countries.csv' !
2023-03-19 12:46:31,308 - CRITICAL - functions.py - input_file_ok - There is a missing value in: '../files/csv/cities_countries.csv' !
2023-03-19 12:46:49,978 - CRITICAL - functions.py - input_file_ok - There is a missing value in: '../files/csv/cities_countries.csv' !
2023-03-19 12:47:35,774 - CRITICAL - functions.py - input_file_ok - There is a missing value in: '../files/csv/cities_countries.csv' !
2023-03-19 12:50:55,160 - CRITICAL - functions.py - input_file_ok - There is a missing value in column: 'id_city' !
2023-03-19 12:51:32,892 - CRITICAL - functions.py - input_file_ok - There is a missing value in column: 'id_city' !
2023-03-19 12:51:42,271 - CRITICAL - functions.py - input_file_ok - There is a missing value in column: 'city' !
2023-03-19 12:52:38,904 - functions.py - input_file_ok - CRITICAL - There is a missing value in column: 'city' !
2023-03-19 12:53:11,180 - functions.py - input_file_ok - CRITICAL - There is a missing value in column: 'country' !
2023-03-19 12:54:03,141 - functions.py - input_file_ok - CRITICAL - There is a missing value in column: 'country' !
2023-03-19 12:58:00,840 - functions.py - input_file_ok - CRITICAL - There is a missing value in column: 'id_city' !
2023-03-19 13:00:18,576 - functions.py - input_file_ok - CRITICAL - Input file: '../files/csv/cities_countries.csv' not found!
2023-03-19 13:01:20,528 - functions.py - input_file_ok - CRITICAL -   Input file: '../files/csv/cities_countries.csv' not found!
2023-03-19 13:01:36,692 - functions.py - input_file_ok - CRITICAL -  None Input file: '../files/csv/cities_countries.csv' not found!
2023-03-19 13:01:50,922 - functions.py - input_file_ok - CRITICAL -  None Input file: '../files/csv/cities_countries.csv' not found!
2023-03-19 13:06:03,464 - functions.py - input_file_ok - CRITICAL -   Input file: '../files/csv/cities_countries.csv' not found!
2023-03-19 13:06:26,576 - functions.py - input_file_ok - CRITICAL - There is a missing value in column: 'column_1' !
2023-03-19 13:07:55,250 - functions.py - input_file_ok - CRITICAL - There is a missing value in 'column_1' in file: ../files/csv/cities_countries.csv!
2023-03-19 13:10:24,289 - functions.py - input_file_ok - CRITICAL - There is a missing value in 'column_1' in file: ../files/csv/cities_countries.csv!
2023-03-19 13:10:58,462 - CRITICAL - There is a missing value in 'column_1' in file: ../files/csv/cities_countries.csv!
2023-03-19 13:11:23,160 - CRITICAL - There is a missing value in 'column_1' in file: ../files/csv/cities_countries.csv !
2023-03-19 13:12:44,790 - CRITICAL - There is a missing value in 'column_1' in file: ../files/csv/cities_countries.csv !
2023-03-19 13:18:24,902 - CRITICAL - There is a missing value in 'column_1' in file: ../files/csv/cities_countries.csv !
2023-03-19 13:19:03,186 - CRITICAL - There is a missing value in 'column_3' in file: ../files/csv/cities_countries.csv !
2023-03-19 13:20:06,996 - CRITICAL -   Input file: '../files/csv/cities_countries.csv' not found !
2023-03-19 13:20:55,271 - CRITICAL - There is a missing value in 'column_2' in file: ../files/csv/cities_countries.csv !
2023-03-19 13:35:41,005 - CRITICAL -   Input file: '../files/csv/cities_countries.csv' not found !
2023-03-19 13:36:01,346 - CRITICAL - FileNotFoundError: input file: '../files/csv/cities_countries.csv' not found !
2023-03-19 13:50:26,454 - CRITICAL - There is a missing value in 'column_1' in file: ../files/csv/cities_countries.csv !
2023-03-19 13:53:59,345 - CRITICAL - There is a missing value in 'column_1' in file: ../files/csv/cities_countries.csv !
2023-03-19 14:20:31,349 - CRITICAL - There is a critical error during the file reading: 'PosixPath' object is not iterable
